Case #1: IMPOSSIBLE
Case #2: IMPOSSIBLE
Case #3: IMPOSSIBLE
Case #4: IMPOSSIBLE
Case #5: 0 0 0 0 0
Case #6: 1
Case #7: IMPOSSIBLE
Case #8: IMPOSSIBLE
Case #9: 0 0
Case #10: IMPOSSIBLE
Case #11: 0 0
Case #12: 0 0
Case #13: IMPOSSIBLE
Case #14: IMPOSSIBLE
Case #15: 0 0
Case #16: IMPOSSIBLE
Case #17: 1 0
Case #18: 0 0
Case #19: IMPOSSIBLE
Case #20: IMPOSSIBLE
Case #21: 1 0 0
Case #22: IMPOSSIBLE
Case #23: IMPOSSIBLE
Case #24: IMPOSSIBLE
Case #25: IMPOSSIBLE
Case #26: IMPOSSIBLE
Case #27: IMPOSSIBLE
Case #28: IMPOSSIBLE
Case #29: 0 0
Case #30: IMPOSSIBLE
Case #31: 0 0
Case #32: IMPOSSIBLE
Case #33: IMPOSSIBLE
Case #34: 0 0
Case #35: IMPOSSIBLE
Case #36: 1 0
Case #37: IMPOSSIBLE
Case #38: IMPOSSIBLE
Case #39: IMPOSSIBLE
Case #40: IMPOSSIBLE
Case #41: 0 0
Case #42: IMPOSSIBLE
Case #43: IMPOSSIBLE
Case #44: IMPOSSIBLE
Case #45: 0 1 0 0
Case #46: IMPOSSIBLE
Case #47: 0 0
Case #48: IMPOSSIBLE
Case #49: 0 0 1
Case #50: IMPOSSIBLE
Case #51: IMPOSSIBLE
Case #52: IMPOSSIBLE
Case #53: IMPOSSIBLE
Case #54: IMPOSSIBLE
Case #55: IMPOSSIBLE
Case #56: 1 0 0
Case #57: IMPOSSIBLE
Case #58: IMPOSSIBLE
Case #59: IMPOSSIBLE
Case #60: 1 0
Case #61: IMPOSSIBLE
Case #62: IMPOSSIBLE
Case #63: 1 0 0 0
Case #64: IMPOSSIBLE
Case #65: IMPOSSIBLE
Case #66: IMPOSSIBLE
Case #67: IMPOSSIBLE
Case #68: 0 0
Case #69: IMPOSSIBLE
Case #70: 0 0
Case #71: IMPOSSIBLE
Case #72: 1 1
Case #73: 1 0 0 0 0 0 0 0 0
Case #74: 1 0 0
Case #75: 0 0
Case #76: IMPOSSIBLE
Case #77: IMPOSSIBLE
Case #78: IMPOSSIBLE
Case #79: IMPOSSIBLE
Case #80: IMPOSSIBLE
Case #81: IMPOSSIBLE
Case #82: 0
Case #83: 1 0 0 0
Case #84: 1 0
Case #85: IMPOSSIBLE
Case #86: IMPOSSIBLE
Case #87: IMPOSSIBLE
Case #88: IMPOSSIBLE
Case #89: 0 0
Case #90: 1 0
Case #91: 0 1 0 0 0 0 0
Case #92: IMPOSSIBLE
Case #93: IMPOSSIBLE
Case #94: 1 0 0 0 0
Case #95: IMPOSSIBLE
Case #96: IMPOSSIBLE
Case #97: IMPOSSIBLE
Case #98: 0 0 0 0 0
Case #99: 0 0
Case #100: IMPOSSIBLE
