Case #1: 857 857
Case #2: 352 26
Case #3: 973 39
Case #4: 972 20
Case #5: 945 22
Case #6: 692 9
Case #7: 991 27
Case #8: 972 28
Case #9: 641 21
Case #10: 1 1
Case #11: 975 9
Case #12: 1000 1000
Case #13: 1000 1000
Case #14: 196 11
Case #15: 971 27
Case #16: 367 4
Case #17: 988 45
Case #18: 134 7
Case #19: 967 9
Case #20: 973 16
Case #21: 974 35
Case #22: 962 30
Case #23: 0 0
Case #24: 966 32
Case #25: 978 14
Case #26: 0 0
Case #27: 503 7
Case #28: 959 36
Case #29: 0 0
Case #30: 966 18
Case #31: 0 0
Case #32: 912 26
Case #33: 966 20
Case #34: 0 0
Case #35: 34 3
Case #36: 928 4
Case #37: 731 65
Case #38: 953 16
Case #39: 120 4
Case #40: 793 30
Case #41: 616 28
Case #42: 879 14
Case #43: 962 12
Case #44: 785 11
Case #45: 741 13
Case #46: 957 8
Case #47: 0 0
Case #48: 0 0
Case #49: 622 29
Case #50: 974 30
