Case #1: 1 0
Case #2: 4 1
Case #3: 2 1
Case #4: 4 0
Case #5: 3 1
Case #6: 9 2
Case #7: 9 3
Case #8: 4 3
Case #9: 8 1
Case #10: 9 9
Case #11: 10 5
Case #12: 1 0
Case #13: 2 0
Case #14: 9 5
Case #15: 1 1
Case #16: 9 3
Case #17: 5 1
Case #18: 0 0
Case #19: 6 1
Case #20: 4 0
Case #21: 6 1
Case #22: 2 2
Case #23: 2 2
Case #24: 6 1
Case #25: 8 5
Case #26: 4 1
Case #27: 5 2
Case #28: 1 0
Case #29: 5 2
Case #30: 8 3
Case #31: 5 1
Case #32: 8 2
Case #33: 7 3
Case #34: 8 5
Case #35: 0 0
Case #36: 7 3
Case #37: 3 3
Case #38: 1 1
Case #39: 0 0
Case #40: 3 2
Case #41: 0 0
Case #42: 1 1
Case #43: 1 1
Case #44: 8 2
Case #45: 9 5
Case #46: 8 2
Case #47: 10 3
Case #48: 7 0
Case #49: 10 10
Case #50: 8 2
