Case #1: our language is impossible to understand
Case #2: there are twenty six factorial possibilities
Case #3: so it is okay if you want to just give up
Case #4: xoggk d yl wxo vkkvgo ekso uyl wonw sywy
Case #5: xkf yto akj
Case #6: yabba dabba yabba dabba yabba dabba yabba dabba yabba dabba yabba dabba yabba dabba yabba dooooooooo
Case #7: a b c d e f g h i j k l m n o p q r s t u v y w x y z now i know my abcs
Case #8: next time wont you sing with me
Case #9: greetings cheese popsicle the number you have dialed is currently out of porkchops
Case #10: whoooooooooooooooooooaaaaaaaaa i know c plus plus
Case #11: it was the best of times it was the blurst of times
Case #12: all your base are belong to error the spoony bard
Case #13: you want sell things at me boing zooom
Case #14: how are you holding up because im a potato
Case #15: for those who speak in a tongue do not speak to other people
Case #16: nobody understands them since they are speaking mysteries in the spirit
Case #17: my name is dug i have just met you and i looove you
Case #18: why do programmers always mix up halloween and christmas
Case #19: swift as the wind quiet as the forest steady as the mountain
Case #20: now is the summer of our lack of discontent
Case #21: each of us has his own special gift and you know this was meant to be true
Case #22: and if you dont underestimate me i wont underestimate you
Case #23: by the pricking of my thumbs something wicked this way comes
Case #24: this is so exciting i have to go the bathroom
Case #25: right i forgot here in the states you call it a sausage in the mouth
Case #26: an eye for an eye and a pigeon for a pigeon
Case #27: in a world of direwolves and lions sometimes the rarest creature is a friend
Case #28: im commander shepard and this is my favorite problem on the google code jam
Case #29: now that you know googlerese please do not use it to hack into our systems
Case #30: you pissed off the chicken lady
